TN:
SF:src\components\Forms\Button\index.tsx
FN:9,Button
FNF:1
FNH:0
FNDA:0,Button
DA:10,0
LF:1
LH:0
BRF:0
BRH:0
end_of_record
TN:
SF:src\components\Forms\CategorySelect\index.tsx
FN:14,SelectCategory
FNF:1
FNH:0
FNDA:0,SelectCategory
DA:15,0
LF:1
LH:0
BRF:0
BRH:0
end_of_record
TN:
SF:src\components\Forms\InputForm\index.tsx
FN:14,InputForm
FN:25,(anonymous_1)
FNF:2
FNH:0
FNDA:0,InputForm
FNDA:0,(anonymous_1)
DA:21,0
DA:26,0
LF:2
LH:0
BRDA:34,0,0,0
BRDA:34,0,1,0
BRF:2
BRH:0
end_of_record
TN:
SF:src\components\Forms\TransactionTypeButton\index.tsx
FN:21,TransactionTypeButton
FNF:1
FNH:0
FNDA:0,TransactionTypeButton
DA:9,0
DA:22,0
LF:2
LH:0
BRF:0
BRH:0
end_of_record
TN:
SF:src\components\Forms\input\index.tsx
FN:10,Input
FNF:1
FNH:1
FNDA:1,Input
DA:11,1
LF:1
LH:1
BRDA:10,0,0,0
BRF:1
BRH:0
end_of_record
TN:
SF:src\components\HighlightCard\index.tsx
FN:27,HighlightCard
FNF:1
FNH:0
FNDA:0,HighlightCard
DA:20,0
DA:28,0
LF:2
LH:0
BRF:0
BRH:0
end_of_record
TN:
SF:src\components\HistoryCard\index.tsx
FN:16,HistoryCard
FNF:1
FNH:0
FNDA:0,HistoryCard
DA:17,0
LF:1
LH:0
BRF:0
BRH:0
end_of_record
TN:
SF:src\components\SignInButton\index.tsx
FN:11,SignInButton
FNF:1
FNH:0
FNDA:0,SignInButton
DA:12,0
LF:1
LH:0
BRF:0
BRH:0
end_of_record
TN:
SF:src\components\Transactionscard\index.tsx
FN:26,TransactionCard
FN:27,(anonymous_1)
FNF:2
FNH:0
FNDA:0,TransactionCard
FNDA:0,(anonymous_1)
DA:27,0
DA:29,0
LF:2
LH:0
BRDA:34,0,0,0
BRDA:34,0,1,0
BRF:2
BRH:0
end_of_record
TN:
SF:src\hook\auth.tsx
FN:47,AuthProvider
FN:51,signInWithGoogle
FN:83,signInWithApple
FN:110,signOut
FN:115,(anonymous_4)
FN:116,loadUserStorageData
FN:143,useAuth
FNF:7
FNH:5
FNDA:2,AuthProvider
FNDA:1,signInWithGoogle
FNDA:0,signInWithApple
FNDA:0,signOut
FNDA:1,(anonymous_4)
FNDA:1,loadUserStorageData
FNDA:2,useAuth
DA:9,1
DA:10,1
DA:45,1
DA:48,2
DA:49,2
DA:52,1
DA:53,1
DA:54,1
DA:55,1
DA:57,1
DA:61,0
DA:62,0
DA:65,0
DA:66,0
DA:67,0
DA:68,0
DA:74,0
DA:75,0
DA:78,1
DA:79,1
DA:84,0
DA:85,0
DA:92,0
DA:93,0
DA:94,0
DA:95,0
DA:102,0
DA:103,0
DA:106,0
DA:111,0
DA:112,0
DA:115,2
DA:117,1
DA:119,1
DA:120,0
DA:121,0
DA:123,1
DA:126,1
DA:128,2
DA:144,2
DA:145,2
LF:41
LH:20
BRDA:61,0,0,0
BRDA:61,0,1,0
BRDA:72,1,0,0
BRDA:72,1,1,0
BRDA:92,2,0,0
BRDA:92,2,1,0
BRDA:119,3,0,0
BRDA:119,3,1,1
BRF:8
BRH:1
end_of_record
TN:
SF:src\pages\CategorySelect\index.tsx
FN:28,CategorySelect
FN:33,handleCategorySelect
FN:47,(anonymous_2)
FN:48,(anonymous_3)
FN:50,(anonymous_4)
FN:57,(anonymous_5)
FNF:6
FNH:0
FNDA:0,CategorySelect
FNDA:0,handleCategorySelect
FNDA:0,(anonymous_2)
FNDA:0,(anonymous_3)
FNDA:0,(anonymous_4)
FNDA:0,(anonymous_5)
DA:34,0
DA:35,0
DA:38,0
DA:47,0
DA:49,0
DA:50,0
DA:57,0
LF:7
LH:0
BRF:0
BRH:0
end_of_record
TN:
SF:src\pages\Dashboard\index.tsx
FN:47,Dashboard
FN:57,getLastTransactionDate
FN:62,(anonymous_2)
FN:70,(anonymous_3)
FN:82,loadTransactions
FN:91,(anonymous_5)
FN:170,(anonymous_6)
FN:175,(anonymous_7)
FN:230,(anonymous_8)
FN:231,(anonymous_9)
FNF:10
FNH:0
FNDA:0,Dashboard
FNDA:0,getLastTransactionDate
FNDA:0,(anonymous_2)
FNDA:0,(anonymous_3)
FNDA:0,loadTransactions
FNDA:0,(anonymous_5)
FNDA:0,(anonymous_6)
FNDA:0,(anonymous_7)
FNDA:0,(anonymous_8)
FNDA:0,(anonymous_9)
DA:48,0
DA:49,0
DA:52,0
DA:54,0
DA:55,0
DA:61,0
DA:62,0
DA:65,0
DA:67,0
DA:71,0
DA:76,0
DA:83,0
DA:84,0
DA:85,0
DA:87,0
DA:88,0
DA:90,0
DA:92,0
DA:93,0
DA:95,0
DA:98,0
DA:103,0
DA:109,0
DA:120,0
DA:122,0
DA:126,0
DA:131,0
DA:135,0
DA:137,0
DA:167,0
DA:170,0
DA:171,0
DA:174,0
DA:176,0
DA:180,0
DA:230,0
DA:231,0
LF:37
LH:0
BRDA:65,0,0,0
BRDA:65,0,1,0
BRDA:85,1,0,0
BRDA:85,1,1,0
BRDA:92,2,0,0
BRDA:92,2,1,0
BRDA:131,3,0,0
BRDA:131,3,1,0
BRDA:144,4,0,0
BRDA:144,4,1,0
BRDA:154,5,0,0
BRDA:154,5,1,0
BRDA:182,6,0,0
BRDA:182,6,1,0
BRF:14
BRH:0
end_of_record
TN:
SF:src\pages\Register\index.tsx
FN:41,Register
FN:61,handleTransactionsTypeSelect
FN:65,handleCloseCategorySelectModal
FN:69,handleOpenCategorySelectModal
FN:73,handleRegister
FN:140,(anonymous_5)
FN:147,(anonymous_6)
FNF:7
FNH:0
FNDA:0,Register
FNDA:0,handleTransactionsTypeSelect
FNDA:0,handleCloseCategorySelectModal
FNDA:0,handleOpenCategorySelectModal
FNDA:0,handleRegister
FNDA:0,(anonymous_5)
FNDA:0,(anonymous_6)
DA:29,0
DA:42,0
DA:43,0
DA:44,0
DA:45,0
DA:50,0
DA:57,0
DA:62,0
DA:66,0
DA:70,0
DA:74,0
DA:76,0
DA:77,0
DA:79,0
DA:88,0
DA:89,0
DA:90,0
DA:91,0
DA:93,0
DA:95,0
DA:97,0
DA:98,0
DA:99,0
DA:104,0
DA:106,0
DA:107,0
DA:111,0
DA:140,0
DA:147,0
LF:29
LH:0
BRDA:74,0,0,0
BRDA:74,0,1,0
BRDA:76,1,0,0
BRDA:76,1,1,0
BRDA:91,2,0,0
BRDA:91,2,1,0
BRDA:126,3,0,0
BRDA:126,3,1,0
BRDA:133,4,0,0
BRDA:133,4,1,0
BRF:10
BRH:0
end_of_record
TN:
SF:src\pages\Resume\index.tsx
FN:44,Resume
FN:54,handleChangeDate
FN:62,loadData
FN:69,(anonymous_3)
FN:76,(anonymous_4)
FN:84,(anonymous_5)
FN:87,(anonymous_6)
FN:120,(anonymous_7)
FN:144,(anonymous_8)
FN:152,(anonymous_9)
FN:160,(anonymous_10)
FN:174,(anonymous_11)
FNF:12
FNH:0
FNDA:0,Resume
FNDA:0,handleChangeDate
FNDA:0,loadData
FNDA:0,(anonymous_3)
FNDA:0,(anonymous_4)
FNDA:0,(anonymous_5)
FNDA:0,(anonymous_6)
FNDA:0,(anonymous_7)
FNDA:0,(anonymous_8)
FNDA:0,(anonymous_9)
FNDA:0,(anonymous_10)
FNDA:0,(anonymous_11)
DA:45,0
DA:48,0
DA:49,0
DA:50,0
DA:52,0
DA:55,0
DA:56,0
DA:58,0
DA:63,0
DA:64,0
DA:65,0
DA:66,0
DA:68,0
DA:70,0
DA:75,0
DA:77,0
DA:82,0
DA:84,0
DA:85,0
DA:87,0
DA:89,0
DA:90,0
DA:94,0
DA:96,0
DA:101,0
DA:105,0
DA:115,0
DA:116,0
DA:119,0
DA:122,0
DA:126,0
DA:144,0
DA:152,0
DA:160,0
DA:175,0
LF:35
LH:0
BRDA:55,0,0,0
BRDA:55,0,1,0
BRDA:66,1,0,0
BRDA:66,1,1,0
BRDA:70,2,0,0
BRDA:70,2,1,0
BRDA:70,2,2,0
BRDA:89,3,0,0
BRDA:89,3,1,0
BRDA:94,4,0,0
BRDA:94,4,1,0
BRDA:131,5,0,0
BRDA:131,5,1,0
BRF:13
BRH:0
end_of_record
TN:
SF:src\pages\SignIn\index.tsx
FN:22,SignIn
FN:26,handleSignInGoogle
FN:36,handleSignInApple
FNF:3
FNH:0
FNDA:0,SignIn
FNDA:0,handleSignInGoogle
FNDA:0,handleSignInApple
DA:23,0
DA:24,0
DA:27,0
DA:28,0
DA:29,0
DA:31,0
DA:32,0
DA:37,0
DA:38,0
DA:39,0
DA:41,0
DA:42,0
DA:43,0
DA:46,0
LF:14
LH:0
BRDA:72,0,0,0
BRDA:72,0,1,0
BRDA:81,1,0,0
BRDA:81,1,1,0
BRF:4
BRH:0
end_of_record
TN:
SF:src\pages\profile\index.tsx
FN:4,Profile
FNF:1
FNH:1
FNDA:3,Profile
DA:5,3
LF:1
LH:1
BRF:0
BRH:0
end_of_record
TN:
SF:src\routes\app.routes.tsx
FN:13,AppRoutes
FN:33,(anonymous_1)
FN:47,(anonymous_2)
FN:57,(anonymous_3)
FNF:4
FNH:0
FNDA:0,AppRoutes
FNDA:0,(anonymous_1)
FNDA:0,(anonymous_2)
FNDA:0,(anonymous_3)
DA:11,0
DA:14,0
DA:16,0
DA:34,0
DA:48,0
DA:58,0
LF:6
LH:0
BRDA:25,0,0,0
BRDA:25,0,1,0
BRF:2
BRH:0
end_of_record
TN:
SF:src\routes\auth.routes.tsx
FN:9,AuthRoutes
FNF:1
FNH:0
FNDA:0,AuthRoutes
DA:7,0
DA:10,0
LF:2
LH:0
BRF:0
BRH:0
end_of_record
TN:
SF:src\routes\index.tsx
FN:9,Routes
FNF:1
FNH:0
FNDA:0,Routes
DA:10,0
DA:12,0
LF:2
LH:0
BRDA:14,0,0,0
BRDA:14,0,1,0
BRF:2
BRH:0
end_of_record
